<!DOCTYPE html PUBLIC "-//W3C//DTD XHTML 1.1//EN" "https://www.w3.org/TR/xhtml11/DTD/xhtml11.dtd">
<html xmlns="https://www.w3.org/1999/xhtml">
<head>
<meta http-equiv="content-type" content="text/html; charset=UTF-8"/>
<title>TestNG Report</title>
<style type="text/css">table {margin-bottom:10px;border-collapse:collapse;empty-cells:show}th,td {border:1px solid #009;padding:.25em .5em}th {vertical-align:bottom}td {vertical-align:top}table a {font-weight:bold}.stripe td {background-color: #E6EBF9}.num {text-align:right}.passedodd td {background-color: #3F3}.passedeven td {background-color: #0A0}.skippedodd td {background-color: #DDD}.skippedeven td {background-color: #CCC}.failedodd td,.attn {background-color: #F33}.failedeven td,.stripe .attn {background-color: #D00}.stacktrace {white-space:pre;font-family:monospace}.totop {font-size:85%;text-align:center;border-bottom:2px solid #000}.invisible {display:none}</style>
</head>
<body>
<table>
<tr><th>Test</th><th># Passed</th><th># Skipped</th><th># Retried</th><th># Failed</th><th>Time (ms)</th><th>Included Groups</th><th>Excluded Groups</th></tr>
<tr><th colspan="8">All Test Suite</th></tr>
<tr><td><a href="#t0">C:/Users/busan/eclipse-workspace/SC_TestNG/src/test/java/MyTests/WebTextInput.java</a></td><td class="num">5</td><td class="num">0</td><td class="num">0</td><td class="num attn">2</td><td class="num">20,700</td><td></td><td></td></tr>
</table>
<table id='summary'><thead><tr><th>Class</th><th>Method</th><th>Start</th><th>Time (ms)</th></tr></thead><tbody><tr><th colspan="4">All Test Suite</th></tr></tbody><tbody id="t0"><tr><th colspan="4">C:/Users/busan/eclipse-workspace/SC_TestNG/src/test/java/MyTests/WebTextInput.java &#8212; failed</th></tr><tr class="failedeven"><td rowspan="1">MyTests.API_Add_Pet</td><td><a href="#m0">checkFailedPetName</a></td><td rowspan="1">1645898067028</td><td rowspan="1">1</td></tr><tr class="failedodd"><td rowspan="1">MyTests.WebTextInput</td><td><a href="#m1">changeTextInputButton</a></td><td rowspan="1">1645898058116</td><td rowspan="1">4208</td></tr><tr><th colspan="4">C:/Users/busan/eclipse-workspace/SC_TestNG/src/test/java/MyTests/WebTextInput.java &#8212; passed</th></tr><tr class="passedeven"><td rowspan="3">MyTests.API_Add_Pet</td><td><a href="#m2">checkOwnerName</a></td><td rowspan="1">1645898067021</td><td rowspan="1">1</td></tr><tr class="passedeven"><td><a href="#m3">checkPetName</a></td><td rowspan="1">1645898067024</td><td rowspan="1">1</td></tr><tr class="passedeven"><td><a href="#m4">testAddPet</a></td><td rowspan="1">1645898062338</td><td rowspan="1">4682</td></tr><tr class="passedodd"><td rowspan="2">MyTests.WebTextInput</td><td><a href="#m5">changeTextInputButton</a></td><td rowspan="2">1645898053778</td><td rowspan="2">4338</td></tr><tr class="passedodd"><td><a href="#m6">changeTextInputButton</a></td></tr></tbody>
</table>
<h2>C:/Users/busan/eclipse-workspace/SC_TestNG/src/test/java/MyTests/WebTextInput.java</h2><h3 id="m0">MyTests.API_Add_Pet#checkFailedPetName</h3><table class="result"><tr><th>Messages</th></tr><tr><td><div class="messages">*******Test : 'checkFailedPetName' has started*******<br/>All Test Suite</div></td></tr><tr><th>Exception</th></tr><tr><td><div class="stacktrace">java.lang.AssertionError: This is meant to fail expected [negative] but found [Fail test]
	at org.testng.Assert.fail(Assert.java:110)
	at org.testng.Assert.failNotEquals(Assert.java:1413)
	at org.testng.Assert.assertEqualsImpl(Assert.java:149)
	at org.testng.Assert.assertEquals(Assert.java:131)
	at org.testng.Assert.assertEquals(Assert.java:655)
	at MyTests.API_Add_Pet.checkFailedPetName(API_Add_Pet.java:66)
	at sun.reflect.NativeMethodAccessorImpl.invoke0(Native Method)
	at sun.reflect.NativeMethodAccessorImpl.invoke(NativeMethodAccessorImpl.java:62)
	at sun.reflect.DelegatingMethodAccessorImpl.invoke(DelegatingMethodAccessorImpl.java:43)
	at java.lang.reflect.Method.invoke(Method.java:498)
	at org.testng.internal.invokers.MethodInvocationHelper.invokeMethod(MethodInvocationHelper.java:135)
	at org.testng.internal.invokers.TestInvoker.invokeMethod(TestInvoker.java:673)
	at org.testng.internal.invokers.TestInvoker.invokeTestMethod(TestInvoker.java:220)
	at org.testng.internal.invokers.MethodRunner.runInSequence(MethodRunner.java:50)
	at org.testng.internal.invokers.TestInvoker$MethodInvocationAgent.invoke(TestInvoker.java:945)
	at org.testng.internal.invokers.TestInvoker.invokeTestMethods(TestInvoker.java:193)
	at org.testng.internal.invokers.TestMethodWorker.invokeTestMethods(TestMethodWorker.java:146)
	at org.testng.internal.invokers.TestMethodWorker.run(TestMethodWorker.java:128)
	at java.util.ArrayList.forEach(ArrayList.java:1259)
	at org.testng.TestRunner.privateRun(TestRunner.java:808)
	at org.testng.TestRunner.run(TestRunner.java:603)
	at org.testng.SuiteRunner.runTest(SuiteRunner.java:429)
	at org.testng.SuiteRunner.runSequentially(SuiteRunner.java:423)
	at org.testng.SuiteRunner.privateRun(SuiteRunner.java:383)
	at org.testng.SuiteRunner.run(SuiteRunner.java:326)
	at org.testng.SuiteRunnerWorker.runSuite(SuiteRunnerWorker.java:52)
	at org.testng.SuiteRunnerWorker.run(SuiteRunnerWorker.java:95)
	at org.testng.TestNG.runSuitesSequentially(TestNG.java:1249)
	at org.testng.TestNG.runSuitesLocally(TestNG.java:1169)
	at org.testng.TestNG.runSuites(TestNG.java:1092)
	at org.testng.TestNG.run(TestNG.java:1060)
	at com.intellij.rt.testng.IDEARemoteTestNG.run(IDEARemoteTestNG.java:66)
	at com.intellij.rt.testng.RemoteTestNGStarter.main(RemoteTestNGStarter.java:109)
</div></td></tr></table><p class="totop"><a href="#summary">back to summary</a></p>
<h3 id="m1">MyTests.WebTextInput#changeTextInputButton</h3><table class="result"><tr class="param"><th>Parameter #1</th></tr><tr class="param stripe"><td>Kruger Lion</td></tr><tr><th>Messages</th></tr><tr><td><div class="messages">*******Test : 'changeTextInputButton' has started*******<br/>Starting WebInputButton tests<br/>All Test Suite</div></td></tr><tr><th>Exception</th></tr><tr><td><div class="stacktrace">java.lang.AssertionError: The following asserts failed:
	Button name change failed! expected [Humpty Dumpty] but found [Kruger Lion]
	at org.testng.asserts.SoftAssert.assertAll(SoftAssert.java:46)
	at org.testng.asserts.SoftAssert.assertAll(SoftAssert.java:30)
	at MyTests.WebTextInput.changeTextInputButton(WebTextInput.java:57)
	at sun.reflect.NativeMethodAccessorImpl.invoke0(Native Method)
	at sun.reflect.NativeMethodAccessorImpl.invoke(NativeMethodAccessorImpl.java:62)
	at sun.reflect.DelegatingMethodAccessorImpl.invoke(DelegatingMethodAccessorImpl.java:43)
	at java.lang.reflect.Method.invoke(Method.java:498)
	at org.testng.internal.invokers.MethodInvocationHelper.invokeMethod(MethodInvocationHelper.java:135)
	at org.testng.internal.invokers.TestInvoker.invokeMethod(TestInvoker.java:673)
	at org.testng.internal.invokers.TestInvoker.invokeTestMethod(TestInvoker.java:220)
	at org.testng.internal.invokers.MethodRunner.runInSequence(MethodRunner.java:50)
	at org.testng.internal.invokers.TestInvoker$MethodInvocationAgent.invoke(TestInvoker.java:945)
	at org.testng.internal.invokers.TestInvoker.invokeTestMethods(TestInvoker.java:193)
	at org.testng.internal.invokers.TestMethodWorker.invokeTestMethods(TestMethodWorker.java:146)
	at org.testng.internal.invokers.TestMethodWorker.run(TestMethodWorker.java:128)
	at java.util.ArrayList.forEach(ArrayList.java:1259)
	at org.testng.TestRunner.privateRun(TestRunner.java:808)
	at org.testng.TestRunner.run(TestRunner.java:603)
	at org.testng.SuiteRunner.runTest(SuiteRunner.java:429)
	at org.testng.SuiteRunner.runSequentially(SuiteRunner.java:423)
	at org.testng.SuiteRunner.privateRun(SuiteRunner.java:383)
	at org.testng.SuiteRunner.run(SuiteRunner.java:326)
	at org.testng.SuiteRunnerWorker.runSuite(SuiteRunnerWorker.java:52)
	at org.testng.SuiteRunnerWorker.run(SuiteRunnerWorker.java:95)
	at org.testng.TestNG.runSuitesSequentially(TestNG.java:1249)
	at org.testng.TestNG.runSuitesLocally(TestNG.java:1169)
	at org.testng.TestNG.runSuites(TestNG.java:1092)
	at org.testng.TestNG.run(TestNG.java:1060)
	at com.intellij.rt.testng.IDEARemoteTestNG.run(IDEARemoteTestNG.java:66)
	at com.intellij.rt.testng.RemoteTestNGStarter.main(RemoteTestNGStarter.java:109)
</div></td></tr></table><p class="totop"><a href="#summary">back to summary</a></p>
<h3 id="m2">MyTests.API_Add_Pet#checkOwnerName</h3><table class="result"><tr><th>Messages</th></tr><tr><td><div class="messages">*******Test : 'checkOwnerName' has started*******<br/>All Test Suite</div></td></tr></table><p class="totop"><a href="#summary">back to summary</a></p>
<h3 id="m3">MyTests.API_Add_Pet#checkPetName</h3><table class="result"><tr><th>Messages</th></tr><tr><td><div class="messages">*******Test : 'checkPetName' has started*******<br/>All Test Suite</div></td></tr></table><p class="totop"><a href="#summary">back to summary</a></p>
<h3 id="m4">MyTests.API_Add_Pet#testAddPet</h3><table class="result"><tr><th>Messages</th></tr><tr><td><div class="messages">*******Test : 'testAddPet' has started*******<br/>All Test Suite</div></td></tr></table><p class="totop"><a href="#summary">back to summary</a></p>
<h3 id="m5">MyTests.WebTextInput#changeTextInputButton</h3><table class="result"><tr class="param"><th>Parameter #1</th></tr><tr class="param stripe"><td>Fighter Pilot</td></tr><tr><th>Messages</th></tr><tr><td><div class="messages">*******Test : 'changeTextInputButton' has started*******<br/>Starting WebInputButton tests<br/>All Test Suite</div></td></tr></table><p class="totop"><a href="#summary">back to summary</a></p>
<h3 id="m6">MyTests.WebTextInput#changeTextInputButton</h3><table class="result"><tr class="param"><th>Parameter #1</th></tr><tr class="param stripe"><td>Jolly Rabbit</td></tr><tr><th>Messages</th></tr><tr><td><div class="messages">*******Test : 'changeTextInputButton' has started*******<br/>Starting WebInputButton tests<br/>All Test Suite</div></td></tr></table><p class="totop"><a href="#summary">back to summary</a></p>
</body>
</html>
