<?xml version="1.0" encoding="UTF-8"?>
<testng-results skipped="0" failed="2" ignored="0" total="7" passed="5">
  <reporter-output>
    <line>
      <![CDATA[*******Test : 'changeTextInputButton' has started*******]]>
    </line>
    <line>
      <![CDATA[Starting WebInputButton tests]]>
    </line>
    <line>
      <![CDATA[All Test Suite]]>
    </line>
    <line>
      <![CDATA[*******Test : 'changeTextInputButton' has started*******]]>
    </line>
    <line>
      <![CDATA[Starting WebInputButton tests]]>
    </line>
    <line>
      <![CDATA[All Test Suite]]>
    </line>
    <line>
      <![CDATA[*******Test : 'changeTextInputButton' has started*******]]>
    </line>
    <line>
      <![CDATA[Starting WebInputButton tests]]>
    </line>
    <line>
      <![CDATA[All Test Suite]]>
    </line>
    <line>
      <![CDATA[*******Test : 'testAddPet' has started*******]]>
    </line>
    <line>
      <![CDATA[All Test Suite]]>
    </line>
    <line>
      <![CDATA[*******Test : 'checkOwnerName' has started*******]]>
    </line>
    <line>
      <![CDATA[All Test Suite]]>
    </line>
    <line>
      <![CDATA[*******Test : 'checkPetName' has started*******]]>
    </line>
    <line>
      <![CDATA[All Test Suite]]>
    </line>
    <line>
      <![CDATA[*******Test : 'checkFailedPetName' has started*******]]>
    </line>
    <line>
      <![CDATA[All Test Suite]]>
    </line>
  </reporter-output>
  <suite name="All Test Suite" duration-ms="20700" started-at="2022-02-26T19:54:06 CAT" finished-at="2022-02-26T19:54:27 CAT">
    <groups>
    </groups>
    <test name="C:/Users/busan/eclipse-workspace/SC_TestNG/src/test/java/MyTests/WebTextInput.java" duration-ms="20700" started-at="2022-02-26T19:54:06 CAT" finished-at="2022-02-26T19:54:27 CAT">
      <class name="MyTests.API_Add_Pet">
        <test-method status="PASS" signature="testAddPet()[pri:1, instance:MyTests.API_Add_Pet@48503868]" name="testAddPet" duration-ms="4682" started-at="2022-02-26T19:54:22 CAT" finished-at="2022-02-26T19:54:27 CAT">
          <reporter-output>
            <line>
              <![CDATA[*******Test : 'testAddPet' has started*******]]>
            </line>
            <line>
              <![CDATA[All Test Suite]]>
            </line>
          </reporter-output>
        </test-method> <!-- testAddPet -->
        <test-method status="PASS" signature="checkOwnerName()[pri:2, instance:MyTests.API_Add_Pet@48503868]" name="checkOwnerName" duration-ms="1" started-at="2022-02-26T19:54:27 CAT" finished-at="2022-02-26T19:54:27 CAT">
          <reporter-output>
            <line>
              <![CDATA[*******Test : 'checkOwnerName' has started*******]]>
            </line>
            <line>
              <![CDATA[All Test Suite]]>
            </line>
          </reporter-output>
        </test-method> <!-- checkOwnerName -->
        <test-method status="PASS" signature="checkPetName()[pri:3, instance:MyTests.API_Add_Pet@48503868]" name="checkPetName" duration-ms="1" started-at="2022-02-26T19:54:27 CAT" finished-at="2022-02-26T19:54:27 CAT">
          <reporter-output>
            <line>
              <![CDATA[*******Test : 'checkPetName' has started*******]]>
            </line>
            <line>
              <![CDATA[All Test Suite]]>
            </line>
          </reporter-output>
        </test-method> <!-- checkPetName -->
        <test-method status="FAIL" signature="checkFailedPetName()[pri:4, instance:MyTests.API_Add_Pet@48503868]" name="checkFailedPetName" duration-ms="1" started-at="2022-02-26T19:54:27 CAT" finished-at="2022-02-26T19:54:27 CAT">
          <exception class="java.lang.AssertionError">
            <message>
              <![CDATA[This is meant to fail expected [negative] but found [Fail test]]]>
            </message>
            <full-stacktrace>
              <![CDATA[java.lang.AssertionError: This is meant to fail expected [negative] but found [Fail test]
at org.testng.Assert.fail(Assert.java:110)
at org.testng.Assert.failNotEquals(Assert.java:1413)
at org.testng.Assert.assertEqualsImpl(Assert.java:149)
at org.testng.Assert.assertEquals(Assert.java:131)
at org.testng.Assert.assertEquals(Assert.java:655)
at MyTests.API_Add_Pet.checkFailedPetName(API_Add_Pet.java:66)
at sun.reflect.NativeMethodAccessorImpl.invoke0(Native Method)
at sun.reflect.NativeMethodAccessorImpl.invoke(NativeMethodAccessorImpl.java:62)
at sun.reflect.DelegatingMethodAccessorImpl.invoke(DelegatingMethodAccessorImpl.java:43)
at java.lang.reflect.Method.invoke(Method.java:498)
at org.testng.internal.invokers.MethodInvocationHelper.invokeMethod(MethodInvocationHelper.java:135)
at org.testng.internal.invokers.TestInvoker.invokeMethod(TestInvoker.java:673)
at org.testng.internal.invokers.TestInvoker.invokeTestMethod(TestInvoker.java:220)
at org.testng.internal.invokers.MethodRunner.runInSequence(MethodRunner.java:50)
at org.testng.internal.invokers.TestInvoker$MethodInvocationAgent.invoke(TestInvoker.java:945)
at org.testng.internal.invokers.TestInvoker.invokeTestMethods(TestInvoker.java:193)
at org.testng.internal.invokers.TestMethodWorker.invokeTestMethods(TestMethodWorker.java:146)
at org.testng.internal.invokers.TestMethodWorker.run(TestMethodWorker.java:128)
at java.util.ArrayList.forEach(ArrayList.java:1259)
at org.testng.TestRunner.privateRun(TestRunner.java:808)
at org.testng.TestRunner.run(TestRunner.java:603)
at org.testng.SuiteRunner.runTest(SuiteRunner.java:429)
at org.testng.SuiteRunner.runSequentially(SuiteRunner.java:423)
at org.testng.SuiteRunner.privateRun(SuiteRunner.java:383)
at org.testng.SuiteRunner.run(SuiteRunner.java:326)
at org.testng.SuiteRunnerWorker.runSuite(SuiteRunnerWorker.java:52)
at org.testng.SuiteRunnerWorker.run(SuiteRunnerWorker.java:95)
at org.testng.TestNG.runSuitesSequentially(TestNG.java:1249)
at org.testng.TestNG.runSuitesLocally(TestNG.java:1169)
at org.testng.TestNG.runSuites(TestNG.java:1092)
at org.testng.TestNG.run(TestNG.java:1060)
at com.intellij.rt.testng.IDEARemoteTestNG.run(IDEARemoteTestNG.java:66)
at com.intellij.rt.testng.RemoteTestNGStarter.main(RemoteTestNGStarter.java:109)
]]>
            </full-stacktrace>
          </exception> <!-- java.lang.AssertionError -->
          <reporter-output>
            <line>
              <![CDATA[*******Test : 'checkFailedPetName' has started*******]]>
            </line>
            <line>
              <![CDATA[All Test Suite]]>
            </line>
          </reporter-output>
        </test-method> <!-- checkFailedPetName -->
      </class> <!-- MyTests.API_Add_Pet -->
      <class name="MyTests.WebTextInput">
        <test-method status="PASS" signature="changeTextInputButton(java.lang.String)[pri:1, instance:MyTests.WebTextInput@131276c2]" name="changeTextInputButton" duration-ms="7337" started-at="2022-02-26T19:54:06 CAT" data-provider="dataSet" finished-at="2022-02-26T19:54:13 CAT">
          <params>
            <param index="0">
              <value>
                <![CDATA[Jolly Rabbit]]>
              </value>
            </param>
          </params>
          <reporter-output>
            <line>
              <![CDATA[*******Test : 'changeTextInputButton' has started*******]]>
            </line>
            <line>
              <![CDATA[Starting WebInputButton tests]]>
            </line>
            <line>
              <![CDATA[All Test Suite]]>
            </line>
          </reporter-output>
        </test-method> <!-- changeTextInputButton -->
        <test-method status="PASS" signature="changeTextInputButton(java.lang.String)[pri:1, instance:MyTests.WebTextInput@131276c2]" name="changeTextInputButton" duration-ms="4338" started-at="2022-02-26T19:54:13 CAT" data-provider="dataSet" finished-at="2022-02-26T19:54:18 CAT">
          <params>
            <param index="0">
              <value>
                <![CDATA[Fighter Pilot]]>
              </value>
            </param>
          </params>
          <reporter-output>
            <line>
              <![CDATA[*******Test : 'changeTextInputButton' has started*******]]>
            </line>
            <line>
              <![CDATA[Starting WebInputButton tests]]>
            </line>
            <line>
              <![CDATA[All Test Suite]]>
            </line>
          </reporter-output>
        </test-method> <!-- changeTextInputButton -->
        <test-method status="FAIL" signature="changeTextInputButton(java.lang.String)[pri:1, instance:MyTests.WebTextInput@131276c2]" name="changeTextInputButton" duration-ms="4208" started-at="2022-02-26T19:54:18 CAT" data-provider="dataSet" finished-at="2022-02-26T19:54:22 CAT">
          <params>
            <param index="0">
              <value>
                <![CDATA[Kruger Lion]]>
              </value>
            </param>
          </params>
          <exception class="java.lang.AssertionError">
            <message>
              <![CDATA[The following asserts failed:
Button name change failed! expected [Humpty Dumpty] but found [Kruger Lion]]]>
            </message>
            <full-stacktrace>
              <![CDATA[java.lang.AssertionError: The following asserts failed:
Button name change failed! expected [Humpty Dumpty] but found [Kruger Lion]
at org.testng.asserts.SoftAssert.assertAll(SoftAssert.java:46)
at org.testng.asserts.SoftAssert.assertAll(SoftAssert.java:30)
at MyTests.WebTextInput.changeTextInputButton(WebTextInput.java:57)
at sun.reflect.NativeMethodAccessorImpl.invoke0(Native Method)
at sun.reflect.NativeMethodAccessorImpl.invoke(NativeMethodAccessorImpl.java:62)
at sun.reflect.DelegatingMethodAccessorImpl.invoke(DelegatingMethodAccessorImpl.java:43)
at java.lang.reflect.Method.invoke(Method.java:498)
at org.testng.internal.invokers.MethodInvocationHelper.invokeMethod(MethodInvocationHelper.java:135)
at org.testng.internal.invokers.TestInvoker.invokeMethod(TestInvoker.java:673)
at org.testng.internal.invokers.TestInvoker.invokeTestMethod(TestInvoker.java:220)
at org.testng.internal.invokers.MethodRunner.runInSequence(MethodRunner.java:50)
at org.testng.internal.invokers.TestInvoker$MethodInvocationAgent.invoke(TestInvoker.java:945)
at org.testng.internal.invokers.TestInvoker.invokeTestMethods(TestInvoker.java:193)
at org.testng.internal.invokers.TestMethodWorker.invokeTestMethods(TestMethodWorker.java:146)
at org.testng.internal.invokers.TestMethodWorker.run(TestMethodWorker.java:128)
at java.util.ArrayList.forEach(ArrayList.java:1259)
at org.testng.TestRunner.privateRun(TestRunner.java:808)
at org.testng.TestRunner.run(TestRunner.java:603)
at org.testng.SuiteRunner.runTest(SuiteRunner.java:429)
at org.testng.SuiteRunner.runSequentially(SuiteRunner.java:423)
at org.testng.SuiteRunner.privateRun(SuiteRunner.java:383)
at org.testng.SuiteRunner.run(SuiteRunner.java:326)
at org.testng.SuiteRunnerWorker.runSuite(SuiteRunnerWorker.java:52)
at org.testng.SuiteRunnerWorker.run(SuiteRunnerWorker.java:95)
at org.testng.TestNG.runSuitesSequentially(TestNG.java:1249)
at org.testng.TestNG.runSuitesLocally(TestNG.java:1169)
at org.testng.TestNG.runSuites(TestNG.java:1092)
at org.testng.TestNG.run(TestNG.java:1060)
at com.intellij.rt.testng.IDEARemoteTestNG.run(IDEARemoteTestNG.java:66)
at com.intellij.rt.testng.RemoteTestNGStarter.main(RemoteTestNGStarter.java:109)
]]>
            </full-stacktrace>
          </exception> <!-- java.lang.AssertionError -->
          <reporter-output>
            <line>
              <![CDATA[*******Test : 'changeTextInputButton' has started*******]]>
            </line>
            <line>
              <![CDATA[Starting WebInputButton tests]]>
            </line>
            <line>
              <![CDATA[All Test Suite]]>
            </line>
          </reporter-output>
        </test-method> <!-- changeTextInputButton -->
      </class> <!-- MyTests.WebTextInput -->
    </test> <!-- C:/Users/busan/eclipse-workspace/SC_TestNG/src/test/java/MyTests/WebTextInput.java -->
  </suite> <!-- All Test Suite -->
</testng-results>
